Using pre-set license
Built from '2022.1/staging' branch; Version is '2022.1.2f1 (9427c1534183) revision 9709505'; Using compiler version '192829333'; Build Type 'Release'
OS: 'Windows 10  (10.0.19045) 64bit Core' Language: 'en' Physical Memory: 4007 MB
BatchMode: 1, IsHumanControllingUs: 0, StartBugReporterOnCrash: 0, Is64bit: 1, IsPro: 1

COMMAND LINE ARGUMENTS:
C:\Program Files\Unity 2022.1.2f1\Editor\Unity.exe
-adb2
-batchMode
-noUpm
-name
AssetImportWorker128
-projectPath
C:/Users/User/Documents/GitHub/GamesFleadhGroupB/Yaris Driver
-logFile
Logs/AssetImportWorker128.log
-srvPort
58121
Successfully changed project path to: C:/Users/User/Documents/GitHub/GamesFleadhGroupB/Yaris Driver
C:/Users/User/Documents/GitHub/GamesFleadhGroupB/Yaris Driver
[UnityMemory] Configuration Parameters - Can be set up in boot.config
    "memorysetup-bucket-allocator-granularity=16"
    "memorysetup-bucket-allocator-bucket-count=8"
    "memorysetup-bucket-allocator-block-size=33554432"
    "memorysetup-bucket-allocator-block-count=8"
    "memorysetup-main-allocator-block-size=16777216"
    "memorysetup-thread-allocator-block-size=16777216"
    "memorysetup-gfx-main-allocator-block-size=16777216"
    "memorysetup-gfx-thread-allocator-block-size=16777216"
    "memorysetup-cache-allocator-block-size=4194304"
    "memorysetup-typetree-allocator-block-size=2097152"
    "memorysetup-profiler-bucket-allocator-granularity=16"
    "memorysetup-profiler-bucket-allocator-bucket-count=8"
    "memorysetup-profiler-bucket-allocator-block-size=33554432"
    "memorysetup-profiler-bucket-allocator-block-count=8"
    "memorysetup-profiler-allocator-block-size=16777216"
    "memorysetup-profiler-editor-allocator-block-size=1048576"
    "memorysetup-temp-allocator-size-main=16777216"
    "memorysetup-job-temp-allocator-block-size=2097152"
    "memorysetup-job-temp-allocator-block-size-background=1048576"
    "memorysetup-job-temp-allocator-reduction-small-platforms=262144"
    "memorysetup-temp-allocator-size-background-worker=32768"
    "memorysetup-temp-allocator-size-job-worker=262144"
    "memorysetup-temp-allocator-size-preload-manager=33554432"
    "memorysetup-temp-allocator-size-nav-mesh-worker=65536"
    "memorysetup-temp-allocator-size-audio-worker=65536"
    "memorysetup-temp-allocator-size-cloud-worker=32768"
    "memorysetup-temp-allocator-size-gi-baking-worker=262144"
    "memorysetup-temp-allocator-size-gfx=262144"
mdb reader table full -> cleaning up stale readers. Current readers:
    pid     thread     txnid
      8920 11e8 -
      8920 9b0 -
      9576 1e38 -
      4288 66c -
      3360 1618 -
     13672 30f0 -
     14000 2c30 -
     11324 34a4 -
      2132 14f8 -
      9224 2a54 -
     13380 2328 -
      9656 379c -
      2980 235c -
      1560 1ba4 -
     12292 fcc -
       704 6e0 -
      2808 1830 -
     13508 22e0 -
      8908 2338 -
      6836 1d80 -
      5564 2970 -
     13048 838 -
      4568 2068 -
      8500 34fc -
      8920 514 -
      8920 3208 -
      6304 1dc0 -
      7548 1494 -
      6712 20c 845
      5592 14c0 845
      8524 a00 -
     13900 1520 -
     10652 3120 -
      5196 2f6c -
      9012 33d4 -
      6260 2b58 -
      9404 33bc -
      3656 2cc -
     10600 3580 -
     11664 12c4 -
      4972 2200 -
      7340 d88 -
     11456 b84 -
     13112 32a8 -
      1348 af0 -
     11136 1d04 -
      1908 15b8 -
      4464 154 -
     10472 19ac -
      5788 222c -
      8116 aac -
      6548 3378 -
      4988 594 -
      2388 ffc -
      1088 1b94 -
      2284 cfc -
      4912 2868 -
      4116 249c -
      4904 2b48 -
      5300 2628 -
     10488 1498 -
      2180 1dd8 -
      7328 287c -
      9916 26d4 -
     10352 1878 -
     14276 20d4 -
      7192 2364 -
      8932 327c -
      2468 2748 -
     13036 2c68 -
      7180 30a4 -
     11964 2784 -
     11008 25d8 -
      9444 2940 -
      1964 27c4 -
     11948 3254 -
     12660 784 -
     12380 3b8 -
      6944 17c4 -
      7936 8d8 -
      6604 199c -
     11816 3088 -
      6760 11c4 -
      8700 362c -
      8492 1ab0 -
      7068 2910 -
      3712 1880 -
      9340 de0 -
      4664 1960 912
     13620 1da4 912
     11500 2d58 -
     13628 1324 -
     10384 20b4 -
     12588 29bc -
     12976 8 918
     10544 5c4 -
      8564 3404 -
      5376 47c -
      5008 1b18 -
      7576 3318 -
      9040 3608 -
      6216 1ac8 -
      8608 243c -
      8024 2e88 -
     13264 d30 -
      2312 2ce8 -
      2716 188c -
     13368 2404 -
      8132 2494 -
      7204 1c94 -
     13260 186c -
      7580 2280 -
      3220 13b0 -
      7708 25dc -
     11652 25c -
     13752 18dc -
      1440 23c4 -
      8920 282c -
      7632 9e0 -
      9596 268c -
      1796 1614 -
      3024 3054 -
      8092 1998 -
     11672 193c -
      1784 31e0 -
      3924 21e8 -
Cleaned out 121 stale readers
Refreshing native plugins compatible for Editor in 339.79 ms, found 4 plugins.
Preloading 0 native plugins for Editor in 0.00 ms.
Initialize engine version: 2022.1.2f1 (9427c1534183)
[Subsystems] Discovering subsystems at path C:/Program Files/Unity 2022.1.2f1/Editor/Data/Resources/UnitySubsystems
[Subsystems] Discovering subsystems at path C:/Users/User/Documents/GitHub/GamesFleadhGroupB/Yaris Driver/Assets
GfxDevice: creating device client; threaded=0; jobified=0
Direct3D:
    Version:  Direct3D 11.0 [level 11.1]
    Renderer: Intel(R) HD Graphics 5500 (ID=0x1616)
    Vendor:   Intel
    VRAM:     2003 MB
    Driver:   20.19.15.4549
Initialize mono
Mono path[0] = 'C:/Program Files/Unity 2022.1.2f1/Editor/Data/Managed'
Mono path[1] = 'C:/Program Files/Unity 2022.1.2f1/Editor/Data/MonoBleedingEdge/lib/mono/unityjit-win32'
Mono config path = 'C:/Program Files/Unity 2022.1.2f1/Editor/Data/MonoBleedingEdge/etc'
Using monoOptions --debugger-agent=transport=dt_socket,embedding=1,server=y,suspend=n,address=127.0.0.1:56696
Begin MonoManager ReloadAssembly
Registering precompiled unity dll's ...
Register platform support module: C:/Program Files/Unity 2022.1.2f1/Editor/Data/PlaybackEngines/WindowsStandaloneSupport/UnityEditor.WindowsStandalone.Extensions.dll
Registered in 0.012765 seconds.
Native extension for WindowsStandalone target not found
Refreshing native plugins compatible for Editor in 243.11 ms, found 4 plugins.
Preloading 0 native plugins for Editor in 0.00 ms.
Mono: successfully reloaded assembly
- Completed reload, in  1.910 seconds
Domain Reload Profiling:
	ReloadAssembly (1911ms)
		BeginReloadAssembly (203ms)
			ExecutionOrderSort (0ms)
			DisableScriptedObjects (0ms)
			BackupInstance (0ms)
			ReleaseScriptingObjects (0ms)
			CreateAndSetChildDomain (1ms)
		EndReloadAssembly (1342ms)
			LoadAssemblies (198ms)
			RebuildTransferFunctionScriptingTraits (0ms)
			SetupTypeCache (283ms)
				TypeCache.Initialize (281ms)
					TypeCache.ScanAssembly (279ms)
				ResolveRequiredComponents (2ms)
			ReleaseScriptCaches (0ms)
			RebuildScriptCaches (103ms)
			SetupLoadedEditorAssemblies (809ms)
				LogAssemblyErrors (0ms)
				InitializePlatformSupportModulesInManaged (17ms)
				SetLoadedEditorAssemblies (16ms)
				RefreshPlugins (243ms)
				BeforeProcessingInitializeOnLoad (2ms)
				ProcessInitializeOnLoadAttributes (417ms)
				ProcessInitializeOnLoadMethodAttributes (112ms)
				AfterProcessingInitializeOnLoad (0ms)
				EditorAssembliesLoaded (0ms)
			ExecutionOrderSort2 (0ms)
			AwakeInstancesAfterBackupRestoration (0ms)
Platform modules already initialized, skipping
Registering precompiled user dll's ...
Registered in 0.558520 seconds.
