Using pre-set license
Built from '2022.1/staging' branch; Version is '2022.1.2f1 (9427c1534183) revision 9709505'; Using compiler version '192829333'; Build Type 'Release'
OS: 'Windows 11  (10.0.22621) 64bit Core' Language: 'en' Physical Memory: 8034 MB
BatchMode: 1, IsHumanControllingUs: 0, StartBugReporterOnCrash: 0, Is64bit: 1, IsPro: 1

COMMAND LINE ARGUMENTS:
C:\Program Files\Unity 2022.1.2f1\Editor\Unity.exe
-adb2
-batchMode
-noUpm
-name
AssetImportWorker3
-projectPath
C:/Users/user/Desktop/GamesFleadhGroupB/Yaris Driver
-logFile
Logs/AssetImportWorker3.log
-srvPort
64201
Successfully changed project path to: C:/Users/user/Desktop/GamesFleadhGroupB/Yaris Driver
C:/Users/user/Desktop/GamesFleadhGroupB/Yaris Driver
[UnityMemory] Configuration Parameters - Can be set up in boot.config
    "memorysetup-bucket-allocator-granularity=16"
    "memorysetup-bucket-allocator-bucket-count=8"
    "memorysetup-bucket-allocator-block-size=33554432"
    "memorysetup-bucket-allocator-block-count=8"
    "memorysetup-main-allocator-block-size=16777216"
    "memorysetup-thread-allocator-block-size=16777216"
    "memorysetup-gfx-main-allocator-block-size=16777216"
    "memorysetup-gfx-thread-allocator-block-size=16777216"
    "memorysetup-cache-allocator-block-size=4194304"
    "memorysetup-typetree-allocator-block-size=2097152"
    "memorysetup-profiler-bucket-allocator-granularity=16"
    "memorysetup-profiler-bucket-allocator-bucket-count=8"
    "memorysetup-profiler-bucket-allocator-block-size=33554432"
    "memorysetup-profiler-bucket-allocator-block-count=8"
    "memorysetup-profiler-allocator-block-size=16777216"
    "memorysetup-profiler-editor-allocator-block-size=1048576"
    "memorysetup-temp-allocator-size-main=16777216"
    "memorysetup-job-temp-allocator-block-size=2097152"
    "memorysetup-job-temp-allocator-block-size-background=1048576"
    "memorysetup-job-temp-allocator-reduction-small-platforms=262144"
    "memorysetup-temp-allocator-size-background-worker=32768"
    "memorysetup-temp-allocator-size-job-worker=262144"
    "memorysetup-temp-allocator-size-preload-manager=33554432"
    "memorysetup-temp-allocator-size-nav-mesh-worker=65536"
    "memorysetup-temp-allocator-size-audio-worker=65536"
    "memorysetup-temp-allocator-size-cloud-worker=32768"
    "memorysetup-temp-allocator-size-gi-baking-worker=262144"
    "memorysetup-temp-allocator-size-gfx=262144"
Refreshing native plugins compatible for Editor in 206.08 ms, found 4 plugins.
Preloading 0 native plugins for Editor in 0.00 ms.
Initialize engine version: 2022.1.2f1 (9427c1534183)
[Subsystems] Discovering subsystems at path C:/Program Files/Unity 2022.1.2f1/Editor/Data/Resources/UnitySubsystems
[Subsystems] Discovering subsystems at path C:/Users/user/Desktop/GamesFleadhGroupB/Yaris Driver/Assets
GfxDevice: creating device client; threaded=0; jobified=0
Direct3D:
    Version:  Direct3D 11.0 [level 11.1]
    Renderer: NVIDIA GeForce GTX 1650 (ID=0x1f91)
    Vendor:   NVIDIA
    VRAM:     3962 MB
    Driver:   27.21.14.5167
Initialize mono
Mono path[0] = 'C:/Program Files/Unity 2022.1.2f1/Editor/Data/Managed'
Mono path[1] = 'C:/Program Files/Unity 2022.1.2f1/Editor/Data/MonoBleedingEdge/lib/mono/unityjit-win32'
Mono config path = 'C:/Program Files/Unity 2022.1.2f1/Editor/Data/MonoBleedingEdge/etc'
Using monoOptions --debugger-agent=transport=dt_socket,embedding=1,server=y,suspend=n,address=127.0.0.1:56916
Begin MonoManager ReloadAssembly
Registering precompiled unity dll's ...
Register platform support module: C:/Program Files/Unity 2022.1.2f1/Editor/Data/PlaybackEngines/WindowsStandaloneSupport/UnityEditor.WindowsStandalone.Extensions.dll
Registered in 0.007343 seconds.
Native extension for WindowsStandalone target not found
Refreshing native plugins compatible for Editor in 181.32 ms, found 4 plugins.
Preloading 0 native plugins for Editor in 0.00 ms.
Mono: successfully reloaded assembly
- Completed reload, in  1.301 seconds
Domain Reload Profiling:
	ReloadAssembly (1302ms)
		BeginReloadAssembly (184ms)
			ExecutionOrderSort (0ms)
			DisableScriptedObjects (0ms)
			BackupInstance (0ms)
			ReleaseScriptingObjects (0ms)
			CreateAndSetChildDomain (1ms)
		EndReloadAssembly (902ms)
			LoadAssemblies (179ms)
			RebuildTransferFunctionScriptingTraits (0ms)
			SetupTypeCache (214ms)
				TypeCache.Initialize (214ms)
					TypeCache.ScanAssembly (212ms)
				ResolveRequiredComponents (1ms)
			ReleaseScriptCaches (0ms)
			RebuildScriptCaches (51ms)
			SetupLoadedEditorAssemblies (543ms)
				LogAssemblyErrors (0ms)
				InitializePlatformSupportModulesInManaged (11ms)
				SetLoadedEditorAssemblies (12ms)
				RefreshPlugins (181ms)
				BeforeProcessingInitializeOnLoad (3ms)
				ProcessInitializeOnLoadAttributes (255ms)
				ProcessInitializeOnLoadMethodAttributes (81ms)
				AfterProcessingInitializeOnLoad (0ms)
				EditorAssembliesLoaded (0ms)
			ExecutionOrderSort2 (0ms)
			AwakeInstancesAfterBackupRestoration (0ms)
Platform modules already initialized, skipping
Registering precompiled user dll's ...
Registered in 0.023778 seconds.
Begin MonoManager ReloadAssembly
Symbol file LoadedFromMemory doesn't match image C:\Users\user\Desktop\GamesFleadhGroupB\Yaris Driver\Library\PackageCache\com.unity.visualscripting@1.7.8\Editor\VisualScripting.Core\Dependencies\YamlDotNet\Unity.VisualScripting.YamlDotNet.dll
Symbol file LoadedFromMemory doesn't match image C:\Users\user\Desktop\GamesFleadhGroupB\Yaris Driver\Library\PackageCache\com.unity.visualscripting@1.7.8\Editor\VisualScripting.Core\Dependencies\DotNetZip\Unity.VisualScripting.IonicZip.dll
Native extension for WindowsStandalone target not found
Refreshing native plugins compatible for Editor in 215.92 ms, found 4 plugins.
Preloading 0 native plugins for Editor in 0.00 ms.
Mono: successfully reloaded assembly
- Completed reload, in  2.967 seconds
Domain Reload Profiling:
	ReloadAssembly (2969ms)
		BeginReloadAssembly (243ms)
			ExecutionOrderSort (0ms)
			DisableScriptedObjects (12ms)
			BackupInstance (0ms)
			ReleaseScriptingObjects (0ms)
			CreateAndSetChildDomain (44ms)
		EndReloadAssembly (2391ms)
			LoadAssemblies (276ms)
			RebuildTransferFunctionScriptingTraits (0ms)
			SetupTypeCache (714ms)
				TypeCache.Initialize (702ms)
					TypeCache.ScanAssembly (693ms)
				ResolveRequiredComponents (12ms)
			ReleaseScriptCaches (1ms)
			RebuildScriptCaches (109ms)
			SetupLoadedEditorAssemblies (1186ms)
				LogAssemblyErrors (0ms)
				InitializePlatformSupportModulesInManaged (9ms)
				SetLoadedEditorAssemblies (15ms)
				RefreshPlugins (216ms)
				BeforeProcessingInitializeOnLoad (275ms)
				ProcessInitializeOnLoadAttributes (593ms)
				ProcessInitializeOnLoadMethodAttributes (67ms)
				AfterProcessingInitializeOnLoad (13ms)
				EditorAssembliesLoaded (0ms)
			ExecutionOrderSort2 (0ms)
			AwakeInstancesAfterBackupRestoration (10ms)
Platform modules already initialized, skipping
========================================================================
Worker process is ready to serve import requests
Launched and connected shader compiler UnityShaderCompiler.exe after 0.14 seconds
Refreshing native plugins compatible for Editor in 1.71 ms, found 4 plugins.
Preloading 0 native plugins for Editor in 0.00 ms.
Unloading 4447 Unused Serialized files (Serialized files now loaded: 0)
Unloading 42 unused Assets / (57.9 KB). Loaded Objects now: 4907.
Memory consumption went from 0.68 GB to 0.68 GB.
Total: 9.428800 ms (FindLiveObjects: 0.739600 ms CreateObjectMapping: 0.977300 ms MarkObjects: 7.587900 ms  DeleteObjects: 0.121700 ms)

AssetImportParameters requested are different than current active one (requested -> active):
  custom:video-decoder-ogg-theora: a1e56fd34408186e4bbccfd4996cb3dc -> 
  custom:container-muxer-webm: aa71ff27fc2769a1b78a27578f13a17b -> 
  custom:container-demuxer-webm: 4f35f7cbe854078d1ac9338744f61a02 -> 
  custom:video-encoder-webm-vp8: eb34c28f22e8b96e1ab97ce403110664 -> 
  custom:audio-encoder-webm-vorbis: bf7c407c2cedff20999df2af8eb42d56 -> 
  custom:framework-win-MediaFoundation: 216162199b28c13a410421893ffa2e32 -> 
  custom:container-demuxer-ogg: 62fdf1f143b41e24485cea50d1cbac27 -> 
  custom:video-decoder-webm-vp8: 9c59270c3fd7afecdb556c50c9e8de78 -> 
  custom:audio-decoder-ogg-vorbis: bf7c407c2cedff20999df2af8eb42d56 -> 
========================================================================
Received Import Request.
  Time since last request: 1349.590126 seconds.
  path: Assets/Imported Assets/Sprites/Movement object 1_9.asset
  artifactKey: Guid(00e8734eb6c912447884954d1fef97b2) Importer(815301076,1909f56bfc062723c751e8b465ee728b)
Start importing Assets/Imported Assets/Sprites/Movement object 1_9.asset using Guid(00e8734eb6c912447884954d1fef97b2) Importer(815301076,1909f56bfc062723c751e8b465ee728b)  -> (artifact id: 'e892343cc4429d90ed6b01d95d42e264') in 0.111897 seconds 
========================================================================
Received Import Request.
  Time since last request: 0.000026 seconds.
  path: Assets/Imported Assets/Sprites/Movement object 1_1.asset
  artifactKey: Guid(97b9604a8da49e04389afd4ba44b82a4) Importer(815301076,1909f56bfc062723c751e8b465ee728b)
Start importing Assets/Imported Assets/Sprites/Movement object 1_1.asset using Guid(97b9604a8da49e04389afd4ba44b82a4) Importer(815301076,1909f56bfc062723c751e8b465ee728b)  -> (artifact id: 'ae1085add5fc7110f9a69ee1437aa8ad') in 0.025439 seconds 
========================================================================
Received Import Request.
  Time since last request: 0.000028 seconds.
  path: Assets/Imported Assets/Sprites/Movement object 1_20.asset
  artifactKey: Guid(7b12abb533ba43048b70ede7bb3906b6) Importer(815301076,1909f56bfc062723c751e8b465ee728b)
Start importing Assets/Imported Assets/Sprites/Movement object 1_20.asset using Guid(7b12abb533ba43048b70ede7bb3906b6) Importer(815301076,1909f56bfc062723c751e8b465ee728b)  -> (artifact id: '55d386425986ddf658f7dc25f4830d30') in 0.022308 seconds 
========================================================================
Received Import Request.
  Time since last request: 0.000032 seconds.
  path: Assets/Imported Assets/Sprites/conee-removebg-preview.png
  artifactKey: Guid(8c2443a57734a74479cf9b840bef9640) Importer(815301076,1909f56bfc062723c751e8b465ee728b)
Start importing Assets/Imported Assets/Sprites/conee-removebg-preview.png using Guid(8c2443a57734a74479cf9b840bef9640) Importer(815301076,1909f56bfc062723c751e8b465ee728b)  -> (artifact id: '9a9ebb9438a17bbcfce4898696bbc708') in 0.322438 seconds 
========================================================================
Received Import Request.
  Time since last request: 0.000036 seconds.
  path: Assets/Imported Assets/Sprites/Hilk.png
  artifactKey: Guid(c5a8b9936619d694e9279004074e7281) Importer(815301076,1909f56bfc062723c751e8b465ee728b)
Start importing Assets/Imported Assets/Sprites/Hilk.png using Guid(c5a8b9936619d694e9279004074e7281) Importer(815301076,1909f56bfc062723c751e8b465ee728b)  -> (artifact id: 'a83e18e490d2c427e52b8b3609ff736d') in 0.068663 seconds 
========================================================================
Received Import Request.
  Time since last request: 0.000045 seconds.
  path: Assets/Imported Assets/Sprites/Movement object 1_35.asset
  artifactKey: Guid(8a8a112a0a3a82f4eba9c2126ff13ad0) Importer(815301076,1909f56bfc062723c751e8b465ee728b)
Start importing Assets/Imported Assets/Sprites/Movement object 1_35.asset using Guid(8a8a112a0a3a82f4eba9c2126ff13ad0) Importer(815301076,1909f56bfc062723c751e8b465ee728b)  -> (artifact id: '2dcb798261dcd87006feae86ddb9b8fc') in 0.029739 seconds 
========================================================================
Received Import Request.
  Time since last request: 0.000034 seconds.
  path: Assets/Imported Assets/Sprites/Movement object 1_23.asset
  artifactKey: Guid(a068456ae9419854884a0f032703edb5) Importer(815301076,1909f56bfc062723c751e8b465ee728b)
Start importing Assets/Imported Assets/Sprites/Movement object 1_23.asset using Guid(a068456ae9419854884a0f032703edb5) Importer(815301076,1909f56bfc062723c751e8b465ee728b)  -> (artifact id: '157d4f882429ee984e2b6ff296c171ce') in 0.028157 seconds 
========================================================================
Received Import Request.
  Time since last request: 0.000039 seconds.
  path: Assets/Imported Assets/Sprites/Movement object 1_22.asset
  artifactKey: Guid(eef39cbf7f5ac8a4090118bc3b49a1b0) Importer(815301076,1909f56bfc062723c751e8b465ee728b)
Start importing Assets/Imported Assets/Sprites/Movement object 1_22.asset using Guid(eef39cbf7f5ac8a4090118bc3b49a1b0) Importer(815301076,1909f56bfc062723c751e8b465ee728b)  -> (artifact id: '68ad87de2c1dd7b25e6d629f77eda87d') in 0.029032 seconds 
========================================================================
Received Import Request.
  Time since last request: 0.000031 seconds.
  path: Assets/Imported Assets/Sprites/Movement object 1_5.asset
  artifactKey: Guid(db5aca8f129740648b9f9ecafedaf096) Importer(815301076,1909f56bfc062723c751e8b465ee728b)
Start importing Assets/Imported Assets/Sprites/Movement object 1_5.asset using Guid(db5aca8f129740648b9f9ecafedaf096) Importer(815301076,1909f56bfc062723c751e8b465ee728b)  -> (artifact id: '0b868d5a4307a6b382de0d747dc85c2d') in 0.027787 seconds 
========================================================================
Received Import Request.
  Time since last request: 0.000035 seconds.
  path: Assets/Imported Assets/Sprites/Movement object 1_33.asset
  artifactKey: Guid(9a99d0969d7f2d84985bfa50d60bde9f) Importer(815301076,1909f56bfc062723c751e8b465ee728b)
Start importing Assets/Imported Assets/Sprites/Movement object 1_33.asset using Guid(9a99d0969d7f2d84985bfa50d60bde9f) Importer(815301076,1909f56bfc062723c751e8b465ee728b)  -> (artifact id: '3c2a7dcea7fcf0ade034818fc2354c8d') in 0.027800 seconds 
========================================================================
Received Import Request.
  Time since last request: 0.000039 seconds.
  path: Assets/Imported Assets/Sprites/Movement object 1_0.asset
  artifactKey: Guid(3b61e9c6d5e7b1e4f94e9b643193016c) Importer(815301076,1909f56bfc062723c751e8b465ee728b)
Start importing Assets/Imported Assets/Sprites/Movement object 1_0.asset using Guid(3b61e9c6d5e7b1e4f94e9b643193016c) Importer(815301076,1909f56bfc062723c751e8b465ee728b)  -> (artifact id: '4c0e405d24ebfad8ba0cab56f8b8ba27') in 0.026459 seconds 
========================================================================
Received Import Request.
  Time since last request: 0.000055 seconds.
  path: Assets/Imported Assets/Sprites/Movement object 1_30.asset
  artifactKey: Guid(2b5b63c9e5d4a1546a3115a44a4ff0d0) Importer(815301076,1909f56bfc062723c751e8b465ee728b)
Start importing Assets/Imported Assets/Sprites/Movement object 1_30.asset using Guid(2b5b63c9e5d4a1546a3115a44a4ff0d0) Importer(815301076,1909f56bfc062723c751e8b465ee728b)  -> (artifact id: 'd56cb3c4063f0b83e95fe1e57c260e71') in 0.029680 seconds 
========================================================================
Received Import Request.
  Time since last request: 0.000033 seconds.
  path: Assets/Imported Assets/Sprites/Movement object 1_12.asset
  artifactKey: Guid(0473e450293b1584d99f3b168cb9cac6) Importer(815301076,1909f56bfc062723c751e8b465ee728b)
Start importing Assets/Imported Assets/Sprites/Movement object 1_12.asset using Guid(0473e450293b1584d99f3b168cb9cac6) Importer(815301076,1909f56bfc062723c751e8b465ee728b)  -> (artifact id: 'acf60f19bc6af0ef97ffa7da09739b13') in 0.031445 seconds 
========================================================================
Received Import Request.
  Time since last request: 0.000042 seconds.
  path: Assets/Imported Assets/Sprites/Movement object 1_32.asset
  artifactKey: Guid(2079b9f11a3dfc746b2c7f8e8a181f94) Importer(815301076,1909f56bfc062723c751e8b465ee728b)
Start importing Assets/Imported Assets/Sprites/Movement object 1_32.asset using Guid(2079b9f11a3dfc746b2c7f8e8a181f94) Importer(815301076,1909f56bfc062723c751e8b465ee728b)  -> (artifact id: 'ed4e9afdf357f330afebf785fe3d7ce6') in 0.030788 seconds 
Editor requested this worker to shutdown with reason: Scaling down because of idle timeout
AssetImportWorker is now disconnected from the server
Process exiting
Exiting without the bug reporter. Application will terminate with return code 0